<?xml version="1.0" encoding="UTF-8"?>
<!-- Generated by org.testng.reporters.JUnitReportReporter -->
<testsuite skipped="0" hostname="Sanjeevsingh" name="com.wunderlist.TestCases.delete" tests="1" failures="0" timestamp="01 Nov 2019 08:33:10 GMT" time="3.811" errors="0">
  <testcase name="Delete_1" time="3.811" classname="com.wunderlist.TestCases.delete"/>
</testsuite> <!-- com.wunderlist.TestCases.delete -->
