<?xml version="1.0" encoding="UTF-8"?>
<!-- Generated by org.testng.reporters.JUnitReportReporter -->
<testsuite skipped="0" hostname="Sanjeevsingh" name="com.wunderlist.TestCases.TC001_GETAll_Data" tests="1" failures="0" timestamp="31 Oct 2019 12:19:47 GMT" time="0.076" errors="0">
  <testcase name="check_Response" time="0.076" classname="com.wunderlist.TestCases.TC001_GETAll_Data"/>
</testsuite> <!-- com.wunderlist.TestCases.TC001_GETAll_Data -->
