<?xml version="1.0" encoding="UTF-8"?>
<!-- Generated by org.testng.reporters.JUnitReportReporter -->
<testsuite skipped="0" hostname="Sanjeevsingh" name="RestAPI.RestAPI.Data" tests="1" failures="0" timestamp="16 Oct 2019 10:41:24 GMT" time="2.039" errors="0">
  <testcase name="test" time="2.039" classname="RestAPI.RestAPI.Data"/>
</testsuite> <!-- RestAPI.RestAPI.Data -->
