<?xml version="1.0" encoding="UTF-8"?>
<!-- Generated by org.testng.reporters.JUnitReportReporter -->
<testsuite skipped="0" hostname="Sanjeevsingh" name="com.wunderlist.TestCases.TC010_PUT2" tests="1" failures="0" timestamp="31 Oct 2019 13:30:19 GMT" time="2.390" errors="0">
  <testcase name="put_Data" time="2.390" classname="com.wunderlist.TestCases.TC010_PUT2"/>
</testsuite> <!-- com.wunderlist.TestCases.TC010_PUT2 -->
