<?xml version="1.0" encoding="UTF-8"?>
<!-- Generated by org.testng.reporters.JUnitReportReporter -->
<testsuite skipped="0" hostname="Sanjeevsingh" name="com.wunderlist.TestCases.TC005_Delete1_Data" tests="1" failures="0" timestamp="01 Nov 2019 09:23:50 GMT" time="2.867" errors="0">
  <testcase name="Delete_1" time="2.867" classname="com.wunderlist.TestCases.TC005_Delete1_Data"/>
</testsuite> <!-- com.wunderlist.TestCases.TC005_Delete1_Data -->
