<?xml version="1.0" encoding="UTF-8"?>
<!-- Generated by org.testng.reporters.JUnitReportReporter -->
<testsuite skipped="0" hostname="Sanjeevsingh" name="RestAPI.RestAPI.TwitterAPI" tests="1" failures="0" timestamp="23 Oct 2019 07:56:07 GMT" time="4.029" errors="0">
  <testcase name="testTwitter" time="4.029" classname="RestAPI.RestAPI.TwitterAPI"/>
</testsuite> <!-- RestAPI.RestAPI.TwitterAPI -->
