<?xml version="1.0" encoding="UTF-8"?>
<!-- Generated by org.testng.reporters.JUnitReportReporter -->
<testsuite skipped="0" hostname="Sanjeevsingh" name="com.wunderlist.TestCases.TC007_PATCH1" tests="2" failures="0" timestamp="01 Nov 2019 09:23:50 GMT" time="1.277" errors="0">
  <testcase name="Check_Status" time="0.003" classname="com.wunderlist.TestCases.TC007_PATCH1"/>
  <testcase name="patch_1" time="1.274" classname="com.wunderlist.TestCases.TC007_PATCH1"/>
</testsuite> <!-- com.wunderlist.TestCases.TC007_PATCH1 -->
