<?xml version="1.0" encoding="UTF-8"?>
<!-- Generated by org.testng.reporters.JUnitReportReporter -->
<testsuite skipped="0" hostname="Sanjeevsingh" name="com.wunderlist.TestCases.TC008_PATCH2" tests="1" failures="0" timestamp="31 Oct 2019 13:18:54 GMT" time="2.485" errors="0">
  <testcase name="patch_1" time="2.485" classname="com.wunderlist.TestCases.TC008_PATCH2"/>
</testsuite> <!-- com.wunderlist.TestCases.TC008_PATCH2 -->
