<?xml version="1.0" encoding="UTF-8"?>
<!-- Generated by org.testng.reporters.JUnitReportReporter -->
<testsuite skipped="0" hostname="Sanjeevsingh" name="RestAPI.RestAPI.google_API" tests="3" failures="0" timestamp="23 Oct 2019 09:07:48 GMT" time="4.202" errors="0">
  <testcase name="test3" time="0.904" classname="RestAPI.RestAPI.google_API"/>
  <testcase name="test1" time="2.230" classname="RestAPI.RestAPI.google_API"/>
  <testcase name="test2" time="1.068" classname="RestAPI.RestAPI.google_API"/>
</testsuite> <!-- RestAPI.RestAPI.google_API -->
