<?xml version="1.0" encoding="UTF-8"?>
<!-- Generated by org.testng.reporters.JUnitReportReporter -->
<testsuite skipped="0" hostname="Sanjeevsingh" name="com.wunderlist.TestCases.TC002_GETAny_Data" tests="1" failures="0" timestamp="31 Oct 2019 07:31:43 GMT" time="0.068" errors="0">
  <testcase name="check_GETAny" time="0.068" classname="com.wunderlist.TestCases.TC002_GETAny_Data"/>
</testsuite> <!-- com.wunderlist.TestCases.TC002_GETAny_Data -->
