<?xml version="1.0" encoding="UTF-8"?>
<!-- Generated by org.testng.reporters.JUnitReportReporter -->
<testsuite skipped="0" hostname="Sanjeevsingh" name="com.wunderlist.TestCases.TC003_POST_Data" tests="1" failures="0" timestamp="01 Nov 2019 09:23:50 GMT" time="2.387" errors="0">
  <testcase name="checkPOST_operation" time="2.387" classname="com.wunderlist.TestCases.TC003_POST_Data"/>
</testsuite> <!-- com.wunderlist.TestCases.TC003_POST_Data -->
