<?xml version="1.0" encoding="UTF-8"?>
<!-- Generated by org.testng.reporters.JUnitReportReporter -->
<testsuite skipped="0" hostname="Sanjeevsingh" name="com.wunderlist.TestCases.TC004_POST2_Data" tests="1" failures="0" timestamp="31 Oct 2019 12:48:39 GMT" time="1.267" errors="0">
  <testcase name="checkPOST_operation" time="1.267" classname="com.wunderlist.TestCases.TC004_POST2_Data"/>
</testsuite> <!-- com.wunderlist.TestCases.TC004_POST2_Data -->
