<?xml version="1.0" encoding="UTF-8"?>
<!-- Generated by org.testng.reporters.JUnitReportReporter -->
<testsuite skipped="0" hostname="Sanjeevsingh" name="com.wunderlist.TestCases.TC008_PATCH2" tests="2" failures="0" timestamp="01 Nov 2019 09:23:50 GMT" time="1.164" errors="0">
  <testcase name="check_status" time="0.002" classname="com.wunderlist.TestCases.TC008_PATCH2"/>
  <testcase name="patch_1" time="1.162" classname="com.wunderlist.TestCases.TC008_PATCH2"/>
</testsuite> <!-- com.wunderlist.TestCases.TC008_PATCH2 -->
