<?xml version="1.0" encoding="UTF-8"?>
<!-- Generated by org.testng.reporters.JUnitReportReporter -->
<testsuite skipped="0" hostname="Sanjeevsingh" name="com.wunderlist.TestCases.TC010_PUT2" tests="2" failures="0" timestamp="01 Nov 2019 09:23:50 GMT" time="1.219" errors="0">
  <testcase name="check_status" time="0.003" classname="com.wunderlist.TestCases.TC010_PUT2"/>
  <testcase name="put_Data" time="1.216" classname="com.wunderlist.TestCases.TC010_PUT2"/>
</testsuite> <!-- com.wunderlist.TestCases.TC010_PUT2 -->
