<?xml version="1.0" encoding="UTF-8"?>
<!-- Generated by org.testng.reporters.JUnitReportReporter -->
<testsuite skipped="0" hostname="Sanjeevsingh" name="com.wunderlist.TestCases.TC009_PUT1" tests="1" failures="0" timestamp="31 Oct 2019 13:26:24 GMT" time="2.321" errors="0">
  <testcase name="put_Data" time="2.321" classname="com.wunderlist.TestCases.TC009_PUT1"/>
</testsuite> <!-- com.wunderlist.TestCases.TC009_PUT1 -->
