<?xml version="1.0" encoding="UTF-8"?>
<!-- Generated by org.testng.reporters.JUnitReportReporter -->
<testsuite skipped="0" hostname="Sanjeevsingh" name="com.wunderlist.TestCases.TC002_GETAny_Data" tests="2" failures="0" timestamp="01 Nov 2019 09:23:50 GMT" time="0.010" errors="0">
  <testcase name="check_Response" time="0.006" classname="com.wunderlist.TestCases.TC002_GETAny_Data"/>
  <testcase name="check_statusCode" time="0.004" classname="com.wunderlist.TestCases.TC002_GETAny_Data"/>
</testsuite> <!-- com.wunderlist.TestCases.TC002_GETAny_Data -->
