<?xml version="1.0" encoding="UTF-8"?>
<!-- Generated by org.testng.reporters.JUnitReportReporter -->
<testsuite skipped="0" hostname="Sanjeevsingh" name="com.wunderlist.TestCases.TC003_POST_Data" tests="1" failures="0" timestamp="31 Oct 2019 13:17:09 GMT" time="2.649" errors="0">
  <testcase name="checkPOST_operation" time="2.649" classname="com.wunderlist.TestCases.TC003_POST_Data"/>
</testsuite> <!-- com.wunderlist.TestCases.TC003_POST_Data -->
