<?xml version="1.0" encoding="UTF-8"?>
<!-- Generated by org.testng.reporters.JUnitReportReporter -->
<testsuite skipped="0" hostname="Sanjeevsingh" name="com.wunderlist.TestCases.TC007_PATCH1" tests="1" failures="0" timestamp="31 Oct 2019 13:19:03 GMT" time="2.443" errors="0">
  <testcase name="patch_1" time="2.443" classname="com.wunderlist.TestCases.TC007_PATCH1"/>
</testsuite> <!-- com.wunderlist.TestCases.TC007_PATCH1 -->
